<?xml version="1.0" encoding="UTF-8"?>
<!-- Generated by org.testng.reporters.JUnitReportReporter -->
<testsuite hostname="MSIPraveen" failures="0" tests="5" name="nopCommerceProject.NopCommerce" time="10.119" errors="0" timestamp="17 Mar 2024 18:33:52 GMT">
  <testcase classname="nopCommerceProject.NopCommerce" name="Checkout" time="2.571"/>
  <testcase classname="nopCommerceProject.NopCommerce" name="Confirmations" time="1.614"/>
  <testcase classname="nopCommerceProject.NopCommerce" name="Books" time="2.169"/>
  <testcase classname="nopCommerceProject.NopCommerce" name="Registration" time="2.508"/>
  <testcase classname="nopCommerceProject.NopCommerce" name="BillingAddress" time="1.257"/>
</testsuite> <!-- nopCommerceProject.NopCommerce -->
